<?xml version="1.0" encoding="UTF-8"?>
<!-- Generated by org.testng.reporters.JUnitReportReporter -->
<testsuite hostname="DESKTOP-FQ0K5AQ" name="com.demo.test.logintest" tests="1" failures="0" timestamp="8 Dec 2019 07:11:09 GMT" time="17.987" errors="0">
  <testcase name="logintest1" time="17.987" classname="com.demo.test.logintest"/>
</testsuite> <!-- com.demo.test.logintest -->
