<?xml version="1.0" encoding="UTF-8"?>
<!-- Generated by org.testng.reporters.JUnitReportReporter -->
<testsuite skipped="0" hostname="DESKTOP-FQ0K5AQ" name="com.demo.test.NewTest" tests="1" failures="0" timestamp="08 Dec 2019 07:31:18 GMT" time="33.648" errors="0">
  <testcase name="f" time="33.648" classname="com.demo.test.NewTest"/>
</testsuite> <!-- com.demo.test.NewTest -->
